{"C:/Users/david/OneDrive/Documentos/GitHub/Backend/src/app.ts": {"path":"C:/Users/david/OneDrive/Documentos/GitHub/Backend/src/app.ts","statementMap":{"0":{"start":{"line":8,"column":0},"end":{"line":8,"column":null}},"1":{"start":{"line":14,"column":2},"end":{"line":14,"column":null}},"2":{"start":{"line":15,"column":2},"end":{"line":15,"column":null}},"3":{"start":{"line":16,"column":2},"end":{"line":16,"column":null}},"4":{"start":{"line":17,"column":2},"end":{"line":17,"column":null}},"5":{"start":{"line":18,"column":2},"end":{"line":18,"column":null}},"6":{"start":{"line":22,"column":2},"end":{"line":22,"column":null}},"7":{"start":{"line":26,"column":2},"end":{"line":26,"column":null}},"8":{"start":{"line":27,"column":2},"end":{"line":27,"column":null}},"9":{"start":{"line":28,"column":2},"end":{"line":28,"column":null}},"10":{"start":{"line":31,"column":2},"end":{"line":40,"column":null}},"11":{"start":{"line":33,"column":3},"end":{"line":33,"column":null}},"12":{"start":{"line":34,"column":2},"end":{"line":40,"column":null}},"13":{"start":{"line":36,"column":3},"end":{"line":36,"column":null}},"14":{"start":{"line":37,"column":2},"end":{"line":40,"column":null}},"15":{"start":{"line":39,"column":3},"end":{"line":39,"column":null}},"16":{"start":{"line":43,"column":2},"end":{"line":43,"column":null}},"17":{"start":{"line":46,"column":2},"end":{"line":46,"column":null}}},"fnMap":{"0":{"name":"(anonymous_0)","decl":{"start":{"line":13,"column":8},"end":{"line":13,"column":22}},"loc":{"start":{"line":13,"column":22},"end":{"line":19,"column":null}}},"1":{"name":"(anonymous_1)","decl":{"start":{"line":21,"column":9},"end":{"line":21,"column":23}},"loc":{"start":{"line":21,"column":23},"end":{"line":23,"column":null}}},"2":{"name":"(anonymous_2)","decl":{"start":{"line":25,"column":9},"end":{"line":25,"column":37}},"loc":{"start":{"line":25,"column":37},"end":{"line":29,"column":null}}},"3":{"name":"(anonymous_3)","decl":{"start":{"line":30,"column":9},"end":{"line":30,"column":26}},"loc":{"start":{"line":30,"column":26},"end":{"line":41,"column":null}}},"4":{"name":"(anonymous_4)","decl":{"start":{"line":42,"column":9},"end":{"line":42,"column":24}},"loc":{"start":{"line":42,"column":24},"end":{"line":44,"column":null}}},"5":{"name":"(anonymous_5)","decl":{"start":{"line":45,"column":9},"end":{"line":45,"column":37}},"loc":{"start":{"line":45,"column":37},"end":{"line":47,"column":null}}}},"branchMap":{"0":{"loc":{"start":{"line":31,"column":2},"end":{"line":40,"column":null}},"type":"if","locations":[{"start":{"line":31,"column":2},"end":{"line":40,"column":null}},{"start":{"line":34,"column":2},"end":{"line":40,"column":null}}]},"1":{"loc":{"start":{"line":34,"column":2},"end":{"line":40,"column":null}},"type":"if","locations":[{"start":{"line":34,"column":2},"end":{"line":40,"column":null}},{"start":{"line":37,"column":2},"end":{"line":40,"column":null}}]},"2":{"loc":{"start":{"line":37,"column":2},"end":{"line":40,"column":null}},"type":"if","locations":[{"start":{"line":37,"column":2},"end":{"line":40,"column":null}},{"start":{"line":37,"column":2},"end":{"line":40,"column":null}}]}},"s":{"0":1,"1":1,"2":1,"3":1,"4":1,"5":1,"6":1,"7":1,"8":1,"9":1,"10":1,"11":1,"12":0,"13":0,"14":0,"15":0,"16":1,"17":1},"f":{"0":1,"1":1,"2":1,"3":1,"4":1,"5":1},"b":{"0":[1,0],"1":[0,0],"2":[0,0]}}
,"C:/Users/david/OneDrive/Documentos/GitHub/Backend/src/routes.ts": {"path":"C:/Users/david/OneDrive/Documentos/GitHub/Backend/src/routes.ts","statementMap":{"0":{"start":{"line":4,"column":15},"end":{"line":4,"column":null}},"1":{"start":{"line":6,"column":0},"end":{"line":6,"column":null}}},"fnMap":{},"branchMap":{},"s":{"0":1,"1":1},"f":{},"b":{}}
,"C:/Users/david/OneDrive/Documentos/GitHub/Backend/src/Utils/Util.ts": {"path":"C:/Users/david/OneDrive/Documentos/GitHub/Backend/src/Utils/Util.ts","statementMap":{"0":{"start":{"line":6,"column":2},"end":{"line":12,"column":null}},"1":{"start":{"line":7,"column":16},"end":{"line":7,"column":null}},"2":{"start":{"line":9,"column":3},"end":{"line":9,"column":null}},"3":{"start":{"line":11,"column":3},"end":{"line":11,"column":null}},"4":{"start":{"line":15,"column":2},"end":{"line":15,"column":null}},"5":{"start":{"line":18,"column":2},"end":{"line":18,"column":null}}},"fnMap":{"0":{"name":"(anonymous_0)","decl":{"start":{"line":5,"column":1},"end":{"line":5,"column":14}},"loc":{"start":{"line":5,"column":55},"end":{"line":13,"column":null}}},"1":{"name":"(anonymous_1)","decl":{"start":{"line":14,"column":8},"end":{"line":14,"column":19}},"loc":{"start":{"line":14,"column":33},"end":{"line":16,"column":null}}},"2":{"name":"(anonymous_2)","decl":{"start":{"line":17,"column":8},"end":{"line":17,"column":36}},"loc":{"start":{"line":17,"column":74},"end":{"line":19,"column":null}}}},"branchMap":{},"s":{"0":8,"1":8,"2":8,"3":2,"4":7,"5":7},"f":{"0":8,"1":7,"2":7},"b":{}}
,"C:/Users/david/OneDrive/Documentos/GitHub/Backend/src/constants/HttpStatusCode.ts": {"path":"C:/Users/david/OneDrive/Documentos/GitHub/Backend/src/constants/HttpStatusCode.ts","statementMap":{"0":{"start":{"line":1,"column":0},"end":{"line":1,"column":null}},"1":{"start":{"line":3,"column":2},"end":{"line":3,"column":7}},"2":{"start":{"line":4,"column":2},"end":{"line":4,"column":12}},"3":{"start":{"line":5,"column":2},"end":{"line":5,"column":14}},"4":{"start":{"line":8,"column":2},"end":{"line":8,"column":15}},"5":{"start":{"line":9,"column":2},"end":{"line":9,"column":17}},"6":{"start":{"line":10,"column":2},"end":{"line":10,"column":13}},"7":{"start":{"line":13,"column":2},"end":{"line":13,"column":24}},"8":{"start":{"line":14,"column":2},"end":{"line":14,"column":15}},"9":{"start":{"line":15,"column":2},"end":{"line":15,"column":19}},"10":{"start":{"line":1,"column":5},"end":{"line":1,"column":null}}},"fnMap":{"0":{"name":"(anonymous_0)","decl":{"start":{"line":1,"column":0},"end":{"line":1,"column":5}},"loc":{"start":{"line":1,"column":0},"end":{"line":1,"column":null}}}},"branchMap":{"0":{"loc":{"start":{"line":1,"column":5},"end":{"line":1,"column":null}},"type":"binary-expr","locations":[{"start":{"line":1,"column":5},"end":{"line":1,"column":null}},{"start":{"line":1,"column":5},"end":{"line":1,"column":null}}]}},"s":{"0":1,"1":1,"2":1,"3":1,"4":1,"5":1,"6":1,"7":1,"8":1,"9":1,"10":1},"f":{"0":1},"b":{"0":[1,1]}}
,"C:/Users/david/OneDrive/Documentos/GitHub/Backend/src/constants/UserStatus.ts": {"path":"C:/Users/david/OneDrive/Documentos/GitHub/Backend/src/constants/UserStatus.ts","statementMap":{"0":{"start":{"line":1,"column":0},"end":{"line":1,"column":null}},"1":{"start":{"line":2,"column":4},"end":{"line":2,"column":18}},"2":{"start":{"line":3,"column":4},"end":{"line":3,"column":20}},"3":{"start":{"line":4,"column":4},"end":{"line":4,"column":22}},"4":{"start":{"line":5,"column":4},"end":{"line":5,"column":21}},"5":{"start":{"line":1,"column":5},"end":{"line":1,"column":null}}},"fnMap":{"0":{"name":"(anonymous_0)","decl":{"start":{"line":1,"column":0},"end":{"line":1,"column":5}},"loc":{"start":{"line":1,"column":0},"end":{"line":1,"column":null}}}},"branchMap":{"0":{"loc":{"start":{"line":1,"column":5},"end":{"line":1,"column":null}},"type":"binary-expr","locations":[{"start":{"line":1,"column":5},"end":{"line":1,"column":null}},{"start":{"line":1,"column":5},"end":{"line":1,"column":null}}]}},"s":{"0":1,"1":1,"2":1,"3":1,"4":1,"5":1},"f":{"0":1},"b":{"0":[1,1]}}
,"C:/Users/david/OneDrive/Documentos/GitHub/Backend/src/controllers/UserController.ts": {"path":"C:/Users/david/OneDrive/Documentos/GitHub/Backend/src/controllers/UserController.ts","statementMap":{"0":{"start":{"line":7,"column":36},"end":{"line":7,"column":null}},"1":{"start":{"line":8,"column":38},"end":{"line":8,"column":null}},"2":{"start":{"line":9,"column":17},"end":{"line":9,"column":null}},"3":{"start":{"line":10,"column":2},"end":{"line":10,"column":null}},"4":{"start":{"line":13,"column":21},"end":{"line":13,"column":null}},"5":{"start":{"line":14,"column":17},"end":{"line":14,"column":null}},"6":{"start":{"line":15,"column":2},"end":{"line":15,"column":null}},"7":{"start":{"line":18,"column":17},"end":{"line":18,"column":null}},"8":{"start":{"line":19,"column":2},"end":{"line":19,"column":null}},"9":{"start":{"line":22,"column":36},"end":{"line":22,"column":null}},"10":{"start":{"line":23,"column":39},"end":{"line":23,"column":null}},"11":{"start":{"line":24,"column":21},"end":{"line":24,"column":null}},"12":{"start":{"line":25,"column":17},"end":{"line":25,"column":null}},"13":{"start":{"line":26,"column":2},"end":{"line":26,"column":null}},"14":{"start":{"line":29,"column":21},"end":{"line":29,"column":null}},"15":{"start":{"line":30,"column":17},"end":{"line":30,"column":null}},"16":{"start":{"line":31,"column":2},"end":{"line":31,"column":null}}},"fnMap":{"0":{"name":"(anonymous_0)","decl":{"start":{"line":6,"column":1},"end":{"line":6,"column":7}},"loc":{"start":{"line":6,"column":62},"end":{"line":11,"column":null}}},"1":{"name":"(anonymous_1)","decl":{"start":{"line":12,"column":1},"end":{"line":12,"column":7}},"loc":{"start":{"line":12,"column":63},"end":{"line":16,"column":null}}},"2":{"name":"(anonymous_2)","decl":{"start":{"line":17,"column":1},"end":{"line":17,"column":7}},"loc":{"start":{"line":17,"column":64},"end":{"line":20,"column":null}}},"3":{"name":"(anonymous_3)","decl":{"start":{"line":21,"column":1},"end":{"line":21,"column":7}},"loc":{"start":{"line":21,"column":62},"end":{"line":27,"column":null}}},"4":{"name":"(anonymous_4)","decl":{"start":{"line":28,"column":1},"end":{"line":28,"column":7}},"loc":{"start":{"line":28,"column":62},"end":{"line":32,"column":null}}}},"branchMap":{},"s":{"0":0,"1":0,"2":0,"3":0,"4":0,"5":0,"6":0,"7":0,"8":0,"9":0,"10":0,"11":0,"12":0,"13":0,"14":0,"15":0,"16":0},"f":{"0":0,"1":0,"2":0,"3":0,"4":0},"b":{}}
,"C:/Users/david/OneDrive/Documentos/GitHub/Backend/src/helpers/API-Error.ts": {"path":"C:/Users/david/OneDrive/Documentos/GitHub/Backend/src/helpers/API-Error.ts","statementMap":{"0":{"start":{"line":5,"column":2},"end":{"line":5,"column":null}},"1":{"start":{"line":6,"column":2},"end":{"line":6,"column":null}},"2":{"start":{"line":12,"column":2},"end":{"line":12,"column":null}},"3":{"start":{"line":18,"column":2},"end":{"line":18,"column":null}},"4":{"start":{"line":24,"column":2},"end":{"line":24,"column":null}}},"fnMap":{"0":{"name":"(anonymous_0)","decl":{"start":{"line":4,"column":1},"end":{"line":4,"column":13}},"loc":{"start":{"line":4,"column":50},"end":{"line":7,"column":null}}},"1":{"name":"(anonymous_1)","decl":{"start":{"line":11,"column":1},"end":{"line":11,"column":13}},"loc":{"start":{"line":11,"column":30},"end":{"line":13,"column":null}}},"2":{"name":"(anonymous_2)","decl":{"start":{"line":17,"column":1},"end":{"line":17,"column":13}},"loc":{"start":{"line":17,"column":30},"end":{"line":19,"column":null}}},"3":{"name":"(anonymous_3)","decl":{"start":{"line":23,"column":1},"end":{"line":23,"column":13}},"loc":{"start":{"line":23,"column":30},"end":{"line":25,"column":null}}}},"branchMap":{},"s":{"0":11,"1":11,"2":6,"3":3,"4":1},"f":{"0":11,"1":6,"2":3,"3":1},"b":{}}
,"C:/Users/david/OneDrive/Documentos/GitHub/Backend/src/middlewares/ErrorMiddlewares.ts": {"path":"C:/Users/david/OneDrive/Documentos/GitHub/Backend/src/middlewares/ErrorMiddlewares.ts","statementMap":{"0":{"start":{"line":4,"column":31},"end":{"line":8,"column":null}},"1":{"start":{"line":5,"column":20},"end":{"line":5,"column":null}},"2":{"start":{"line":6,"column":17},"end":{"line":6,"column":null}},"3":{"start":{"line":7,"column":1},"end":{"line":7,"column":null}}},"fnMap":{"0":{"name":"(anonymous_0)","decl":{"start":{"line":4,"column":31},"end":{"line":4,"column":32}},"loc":{"start":{"line":4,"column":118},"end":{"line":8,"column":null}}}},"branchMap":{"0":{"loc":{"start":{"line":5,"column":20},"end":{"line":5,"column":null}},"type":"binary-expr","locations":[{"start":{"line":5,"column":20},"end":{"line":5,"column":40}},{"start":{"line":5,"column":40},"end":{"line":5,"column":null}}]},"1":{"loc":{"start":{"line":6,"column":17},"end":{"line":6,"column":null}},"type":"cond-expr","locations":[{"start":{"line":6,"column":36},"end":{"line":6,"column":52}},{"start":{"line":6,"column":52},"end":{"line":6,"column":null}}]}},"s":{"0":1,"1":0,"2":0,"3":0},"f":{"0":0},"b":{"0":[0,0],"1":[0,0]}}
,"C:/Users/david/OneDrive/Documentos/GitHub/Backend/src/models/User.ts": {"path":"C:/Users/david/OneDrive/Documentos/GitHub/Backend/src/models/User.ts","statementMap":{"0":{"start":{"line":4,"column":19},"end":{"line":31,"column":null}},"1":{"start":{"line":33,"column":13},"end":{"line":33,"column":null}}},"fnMap":{},"branchMap":{},"s":{"0":1,"1":1},"f":{},"b":{}}
,"C:/Users/david/OneDrive/Documentos/GitHub/Backend/src/repositories/MongoUserRepository.ts": {"path":"C:/Users/david/OneDrive/Documentos/GitHub/Backend/src/repositories/MongoUserRepository.ts","statementMap":{"0":{"start":{"line":6,"column":8},"end":{"line":6,"column":null}},"1":{"start":{"line":10,"column":8},"end":{"line":10,"column":null}},"2":{"start":{"line":14,"column":8},"end":{"line":14,"column":null}},"3":{"start":{"line":18,"column":19},"end":{"line":24,"column":null}},"4":{"start":{"line":26,"column":8},"end":{"line":26,"column":null}}},"fnMap":{"0":{"name":"(anonymous_0)","decl":{"start":{"line":5,"column":4},"end":{"line":5,"column":10}},"loc":{"start":{"line":5,"column":65},"end":{"line":7,"column":null}}},"1":{"name":"(anonymous_1)","decl":{"start":{"line":9,"column":4},"end":{"line":9,"column":10}},"loc":{"start":{"line":9,"column":38},"end":{"line":11,"column":null}}},"2":{"name":"(anonymous_2)","decl":{"start":{"line":13,"column":4},"end":{"line":13,"column":10}},"loc":{"start":{"line":13,"column":54},"end":{"line":15,"column":null}}},"3":{"name":"(anonymous_3)","decl":{"start":{"line":17,"column":4},"end":{"line":17,"column":10}},"loc":{"start":{"line":17,"column":67},"end":{"line":27,"column":null}}}},"branchMap":{},"s":{"0":25,"1":1,"2":5,"3":1,"4":1},"f":{"0":25,"1":1,"2":5,"3":1},"b":{}}
,"C:/Users/david/OneDrive/Documentos/GitHub/Backend/src/routes/user.routes.ts": {"path":"C:/Users/david/OneDrive/Documentos/GitHub/Backend/src/routes/user.routes.ts","statementMap":{"0":{"start":{"line":4,"column":15},"end":{"line":4,"column":null}},"1":{"start":{"line":6,"column":0},"end":{"line":6,"column":null}},"2":{"start":{"line":7,"column":0},"end":{"line":7,"column":null}},"3":{"start":{"line":8,"column":0},"end":{"line":8,"column":null}},"4":{"start":{"line":9,"column":0},"end":{"line":9,"column":null}},"5":{"start":{"line":10,"column":0},"end":{"line":10,"column":null}}},"fnMap":{},"branchMap":{},"s":{"0":1,"1":1,"2":1,"3":1,"4":1,"5":1},"f":{},"b":{}}
,"C:/Users/david/OneDrive/Documentos/GitHub/Backend/src/services/UserServices.faker.ts": {"path":"C:/Users/david/OneDrive/Documentos/GitHub/Backend/src/services/UserServices.faker.ts","statementMap":{"0":{"start":{"line":6,"column":21},"end":{"line":19,"column":null}},"1":{"start":{"line":8,"column":1},"end":{"line":10,"column":null}},"2":{"start":{"line":9,"column":2},"end":{"line":9,"column":null}},"3":{"start":{"line":12,"column":1},"end":{"line":18,"column":null}},"4":{"start":{"line":21,"column":27},"end":{"line":32,"column":null}},"5":{"start":{"line":23,"column":1},"end":{"line":25,"column":null}},"6":{"start":{"line":24,"column":2},"end":{"line":24,"column":null}},"7":{"start":{"line":27,"column":1},"end":{"line":31,"column":null}}},"fnMap":{"0":{"name":"(anonymous_0)","decl":{"start":{"line":6,"column":21},"end":{"line":6,"column":49}},"loc":{"start":{"line":6,"column":49},"end":{"line":19,"column":null}}},"1":{"name":"(anonymous_1)","decl":{"start":{"line":21,"column":27},"end":{"line":21,"column":61}},"loc":{"start":{"line":21,"column":61},"end":{"line":32,"column":null}}}},"branchMap":{},"s":{"0":1,"1":1,"2":1,"3":1,"4":1,"5":12,"6":12,"7":12},"f":{"0":1,"1":12},"b":{}}
,"C:/Users/david/OneDrive/Documentos/GitHub/Backend/src/services/UserServices.ts": {"path":"C:/Users/david/OneDrive/Documentos/GitHub/Backend/src/services/UserServices.ts","statementMap":{"0":{"start":{"line":14,"column":21},"end":{"line":54,"column":null}},"1":{"start":{"line":21,"column":5},"end":{"line":21,"column":null}},"2":{"start":{"line":35,"column":5},"end":{"line":35,"column":null}},"3":{"start":{"line":41,"column":29},"end":{"line":41,"column":null}},"4":{"start":{"line":42,"column":29},"end":{"line":42,"column":null}},"5":{"start":{"line":43,"column":26},"end":{"line":43,"column":null}},"6":{"start":{"line":44,"column":31},"end":{"line":44,"column":null}},"7":{"start":{"line":46,"column":6},"end":{"line":50,"column":null}},"8":{"start":{"line":55,"column":27},"end":{"line":55,"column":null}},"9":{"start":{"line":57,"column":36},"end":{"line":57,"column":null}},"10":{"start":{"line":59,"column":21},"end":{"line":59,"column":null}},"11":{"start":{"line":61,"column":2},"end":{"line":63,"column":null}},"12":{"start":{"line":62,"column":3},"end":{"line":62,"column":null}},"13":{"start":{"line":65,"column":23},"end":{"line":65,"column":null}},"14":{"start":{"line":66,"column":13},"end":{"line":66,"column":null}},"15":{"start":{"line":68,"column":26},"end":{"line":73,"column":null}},"16":{"start":{"line":74,"column":15},"end":{"line":74,"column":null}},"17":{"start":{"line":76,"column":2},"end":{"line":79,"column":null}},"18":{"start":{"line":83,"column":2},"end":{"line":85,"column":null}},"19":{"start":{"line":84,"column":3},"end":{"line":84,"column":null}},"20":{"start":{"line":86,"column":15},"end":{"line":86,"column":null}},"21":{"start":{"line":88,"column":2},"end":{"line":90,"column":null}},"22":{"start":{"line":89,"column":3},"end":{"line":89,"column":null}},"23":{"start":{"line":92,"column":2},"end":{"line":95,"column":null}},"24":{"start":{"line":99,"column":16},"end":{"line":99,"column":null}},"25":{"start":{"line":100,"column":2},"end":{"line":103,"column":null}},"26":{"start":{"line":107,"column":2},"end":{"line":109,"column":null}},"27":{"start":{"line":108,"column":3},"end":{"line":108,"column":null}},"28":{"start":{"line":110,"column":15},"end":{"line":110,"column":null}},"29":{"start":{"line":112,"column":2},"end":{"line":114,"column":null}},"30":{"start":{"line":113,"column":3},"end":{"line":113,"column":null}},"31":{"start":{"line":116,"column":2},"end":{"line":119,"column":null}},"32":{"start":{"line":123,"column":2},"end":{"line":125,"column":null}},"33":{"start":{"line":124,"column":3},"end":{"line":124,"column":null}},"34":{"start":{"line":126,"column":15},"end":{"line":126,"column":null}},"35":{"start":{"line":128,"column":2},"end":{"line":130,"column":null}},"36":{"start":{"line":129,"column":3},"end":{"line":129,"column":null}},"37":{"start":{"line":131,"column":21},"end":{"line":135,"column":null}},"38":{"start":{"line":137,"column":2},"end":{"line":140,"column":null}}},"fnMap":{"0":{"name":"(anonymous_0)","decl":{"start":{"line":13,"column":1},"end":{"line":13,"column":7}},"loc":{"start":{"line":13,"column":73},"end":{"line":80,"column":null}}},"1":{"name":"(anonymous_1)","decl":{"start":{"line":20,"column":66},"end":{"line":20,"column":67}},"loc":{"start":{"line":20,"column":85},"end":{"line":22,"column":5}}},"2":{"name":"(anonymous_2)","decl":{"start":{"line":34,"column":69},"end":{"line":34,"column":78}},"loc":{"start":{"line":34,"column":78},"end":{"line":36,"column":5}}},"3":{"name":"(anonymous_3)","decl":{"start":{"line":40,"column":5},"end":{"line":40,"column":14}},"loc":{"start":{"line":40,"column":14},"end":{"line":52,"column":null}}},"4":{"name":"(anonymous_4)","decl":{"start":{"line":82,"column":1},"end":{"line":82,"column":7}},"loc":{"start":{"line":82,"column":58},"end":{"line":96,"column":null}}},"5":{"name":"(anonymous_5)","decl":{"start":{"line":98,"column":1},"end":{"line":98,"column":7}},"loc":{"start":{"line":98,"column":48},"end":{"line":104,"column":null}}},"6":{"name":"(anonymous_6)","decl":{"start":{"line":106,"column":1},"end":{"line":106,"column":7}},"loc":{"start":{"line":106,"column":87},"end":{"line":120,"column":null}}},"7":{"name":"(anonymous_7)","decl":{"start":{"line":122,"column":1},"end":{"line":122,"column":7}},"loc":{"start":{"line":122,"column":57},"end":{"line":141,"column":null}}}},"branchMap":{"0":{"loc":{"start":{"line":47,"column":7},"end":{"line":50,"column":null}},"type":"binary-expr","locations":[{"start":{"line":47,"column":7},"end":{"line":47,"column":null}},{"start":{"line":48,"column":7},"end":{"line":48,"column":null}},{"start":{"line":49,"column":7},"end":{"line":49,"column":null}},{"start":{"line":50,"column":7},"end":{"line":50,"column":null}}]},"1":{"loc":{"start":{"line":61,"column":2},"end":{"line":63,"column":null}},"type":"if","locations":[{"start":{"line":61,"column":2},"end":{"line":63,"column":null}},{"start":{"line":61,"column":2},"end":{"line":63,"column":null}}]},"2":{"loc":{"start":{"line":83,"column":2},"end":{"line":85,"column":null}},"type":"if","locations":[{"start":{"line":83,"column":2},"end":{"line":85,"column":null}},{"start":{"line":83,"column":2},"end":{"line":85,"column":null}}]},"3":{"loc":{"start":{"line":88,"column":2},"end":{"line":90,"column":null}},"type":"if","locations":[{"start":{"line":88,"column":2},"end":{"line":90,"column":null}},{"start":{"line":88,"column":2},"end":{"line":90,"column":null}}]},"4":{"loc":{"start":{"line":88,"column":6},"end":{"line":88,"column":59}},"type":"binary-expr","locations":[{"start":{"line":88,"column":6},"end":{"line":88,"column":15}},{"start":{"line":88,"column":15},"end":{"line":88,"column":59}}]},"5":{"loc":{"start":{"line":107,"column":2},"end":{"line":109,"column":null}},"type":"if","locations":[{"start":{"line":107,"column":2},"end":{"line":109,"column":null}},{"start":{"line":107,"column":2},"end":{"line":109,"column":null}}]},"6":{"loc":{"start":{"line":112,"column":2},"end":{"line":114,"column":null}},"type":"if","locations":[{"start":{"line":112,"column":2},"end":{"line":114,"column":null}},{"start":{"line":112,"column":2},"end":{"line":114,"column":null}}]},"7":{"loc":{"start":{"line":112,"column":6},"end":{"line":112,"column":59}},"type":"binary-expr","locations":[{"start":{"line":112,"column":6},"end":{"line":112,"column":15}},{"start":{"line":112,"column":15},"end":{"line":112,"column":59}}]},"8":{"loc":{"start":{"line":123,"column":2},"end":{"line":125,"column":null}},"type":"if","locations":[{"start":{"line":123,"column":2},"end":{"line":125,"column":null}},{"start":{"line":123,"column":2},"end":{"line":125,"column":null}}]},"9":{"loc":{"start":{"line":128,"column":2},"end":{"line":130,"column":null}},"type":"if","locations":[{"start":{"line":128,"column":2},"end":{"line":130,"column":null}},{"start":{"line":128,"column":2},"end":{"line":130,"column":null}}]},"10":{"loc":{"start":{"line":128,"column":6},"end":{"line":128,"column":59}},"type":"binary-expr","locations":[{"start":{"line":128,"column":6},"end":{"line":128,"column":15}},{"start":{"line":128,"column":15},"end":{"line":128,"column":59}}]}},"s":{"0":7,"1":7,"2":7,"3":7,"4":7,"5":7,"6":7,"7":7,"8":7,"9":6,"10":6,"11":6,"12":1,"13":5,"14":5,"15":5,"16":5,"17":5,"18":3,"19":1,"20":2,"21":2,"22":1,"23":1,"24":1,"25":1,"26":3,"27":1,"28":2,"29":2,"30":1,"31":1,"32":3,"33":1,"34":2,"35":2,"36":1,"37":1,"38":1},"f":{"0":7,"1":7,"2":7,"3":7,"4":3,"5":1,"6":3,"7":3},"b":{"0":[7,7,6,6],"1":[1,5],"2":[1,2],"3":[1,1],"4":[2,1],"5":[1,2],"6":[1,1],"7":[2,1],"8":[1,2],"9":[1,1],"10":[2,1]}}
}
